# JRE version: Java(TM) SE Runtime Environment (13.0.2+8) (build 13.0.2+8)
# Java VM: Java HotSpot(TM) 64-Bit Server VM (13.0.2+8, mixed mode, sharing, tiered, compressed oops, g1 gc, windows-amd64)
Heap:
 garbage-first heap   total 214016K, used 25304K [0x00000000a1e00000, 0x0000000100000000)
  region size 1024K, 1 young (1024K), 1 survivors (1024K)
 Metaspace       used 59266K, capacity 60769K, committed 61064K, reserved 1101824K
  class space    used 7401K, capacity 7972K, committed 8064K, reserved 1048576K
GC Heap History (20 events):
Event: 3538.382 GC heap after
{Heap after GC invocations=205 (full 0):
 garbage-first heap   total 59392K, used 24244K [0x00000000a1e00000, 0x0000000100000000)
  region size 1024K, 1 young (1024K), 1 survivors (1024K)
 Metaspace       used 59253K, capacity 60769K, committed 61064K, reserved 1101824K
  class space    used 7400K, capacity 7972K, committed 8064K, reserved 1048576K
}
Event: 3587.503 GC heap before
{Heap before GC invocations=205 (full 0):
 garbage-first heap   total 59392K, used 49844K [0x00000000a1e00000, 0x0000000100000000)
  region size 1024K, 27 young (27648K), 1 survivors (1024K)
 Metaspace       used 59263K, capacity 60769K, committed 61064K, reserved 1101824K
  class space    used 7401K, capacity 7972K, committed 8064K, reserved 1048576K
}
Event: 3589.345 GC heap after
{Heap after GC invocations=206 (full 0):
 garbage-first heap   total 59392K, used 24749K [0x00000000a1e00000, 0x0000000100000000)
  region size 1024K, 1 young (1024K), 1 survivors (1024K)
 Metaspace       used 59263K, capacity 60769K, committed 61064K, reserved 1101824K
  class space    used 7401K, capacity 7972K, committed 8064K, reserved 1048576K
}
Event: 3590.836 GC heap before
{Heap before GC invocations=206 (full 0):
 garbage-first heap   total 59392K, used 50349K [0x00000000a1e00000, 0x0000000100000000)
  region size 1024K, 27 young (27648K), 1 survivors (1024K)
 Metaspace       used 59263K, capacity 60769K, committed 61064K, reserved 1101824K
  class space    used 7401K, capacity 7972K, committed 8064K, reserved 1048576K
}
Event: 3591.428 GC heap after
{Heap after GC invocations=207 (full 0):
 garbage-first heap   total 59392K, used 24785K [0x00000000a1e00000, 0x0000000100000000)
  region size 1024K, 1 young (1024K), 1 survivors (1024K)
 Metaspace       used 59263K, capacity 60769K, committed 61064K, reserved 1101824K
  class space    used 7401K, capacity 7972K, committed 8064K, reserved 1048576K
}
Event: 3593.212 GC heap before
{Heap before GC invocations=207 (full 0):
 garbage-first heap   total 59392K, used 48337K [0x00000000a1e00000, 0x0000000100000000)
  region size 1024K, 25 young (25600K), 1 survivors (1024K)
 Metaspace       used 59264K, capacity 60769K, committed 61064K, reserved 1101824K
  class space    used 7401K, capacity 7972K, committed 8064K, reserved 1048576K
}
Event: 3593.783 GC heap after
{Heap after GC invocations=208 (full 0):
 garbage-first heap   total 134144K, used 24752K [0x00000000a1e00000, 0x0000000100000000)
  region size 1024K, 1 young (1024K), 1 survivors (1024K)
 Metaspace       used 59264K, capacity 60769K, committed 61064K, reserved 1101824K
  class space    used 7401K, capacity 7972K, committed 8064K, reserved 1048576K
}
Event: 3610.359 GC heap before
{Heap before GC invocations=208 (full 0):
 garbage-first heap   total 134144K, used 28848K [0x00000000a1e00000, 0x0000000100000000)
  region size 1024K, 6 young (6144K), 1 survivors (1024K)
 Metaspace       used 59264K, capacity 60769K, committed 61064K, reserved 1101824K
  class space    used 7401K, capacity 7972K, committed 8064K, reserved 1048576K
}
Event: 3610.617 GC heap after
{Heap after GC invocations=209 (full 0):
 garbage-first heap   total 134144K, used 24912K [0x00000000a1e00000, 0x0000000100000000)
  region size 1024K, 1 young (1024K), 1 survivors (1024K)
 Metaspace       used 59264K, capacity 60769K, committed 61064K, reserved 1101824K
  class space    used 7401K, capacity 7972K, committed 8064K, reserved 1048576K
}
Event: 3611.808 GC heap before
{Heap before GC invocations=209 (full 0):
 garbage-first heap   total 134144K, used 29008K [0x00000000a1e00000, 0x0000000100000000)
  region size 1024K, 6 young (6144K), 1 survivors (1024K)
 Metaspace       used 59264K, capacity 60769K, committed 61064K, reserved 1101824K
  class space    used 7401K, capacity 7972K, committed 8064K, reserved 1048576K
}
Event: 3612.598 GC heap after
{Heap after GC invocations=210 (full 0):
 garbage-first heap   total 134144K, used 24914K [0x00000000a1e00000, 0x0000000100000000)
  region size 1024K, 1 young (1024K), 1 survivors (1024K)
 Metaspace       used 59264K, capacity 60769K, committed 61064K, reserved 1101824K
  class space    used 7401K, capacity 7972K, committed 8064K, reserved 1048576K
}
Event: 3613.274 GC heap before
{Heap before GC invocations=210 (full 0):
 garbage-first heap   total 134144K, used 29010K [0x00000000a1e00000, 0x0000000100000000)
  region size 1024K, 6 young (6144K), 1 survivors (1024K)
 Metaspace       used 59264K, capacity 60769K, committed 61064K, reserved 1101824K
  class space    used 7401K, capacity 7972K, committed 8064K, reserved 1048576K
}
Event: 3613.274 GC heap after
{Heap after GC invocations=211 (full 0):
 garbage-first heap   total 134144K, used 24963K [0x00000000a1e00000, 0x0000000100000000)
  region size 1024K, 1 young (1024K), 1 survivors (1024K)
 Metaspace       used 59264K, capacity 60769K, committed 61064K, reserved 1101824K
  class space    used 7401K, capacity 7972K, committed 8064K, reserved 1048576K
}
Event: 3613.939 GC heap before
{Heap before GC invocations=211 (full 0):
 garbage-first heap   total 134144K, used 29059K [0x00000000a1e00000, 0x0000000100000000)
  region size 1024K, 6 young (6144K), 1 survivors (1024K)
 Metaspace       used 59264K, capacity 60769K, committed 61064K, reserved 1101824K
  class space    used 7401K, capacity 7972K, committed 8064K, reserved 1048576K
}
Event: 3613.940 GC heap after
{Heap after GC invocations=212 (full 0):
 garbage-first heap   total 134144K, used 24970K [0x00000000a1e00000, 0x0000000100000000)
  region size 1024K, 1 young (1024K), 1 survivors (1024K)
 Metaspace       used 59264K, capacity 60769K, committed 61064K, reserved 1101824K
  class space    used 7401K, capacity 7972K, committed 8064K, reserved 1048576K
}
Event: 3617.667 GC heap before
{Heap before GC invocations=212 (full 0):
 garbage-first heap   total 134144K, used 29066K [0x00000000a1e00000, 0x0000000100000000)
  region size 1024K, 6 young (6144K), 1 survivors (1024K)
 Metaspace       used 59264K, capacity 60769K, committed 61064K, reserved 1101824K
  class space    used 7401K, capacity 7972K, committed 8064K, reserved 1048576K
}
Event: 3617.668 GC heap after
{Heap after GC invocations=213 (full 0):
 garbage-first heap   total 134144K, used 25211K [0x00000000a1e00000, 0x0000000100000000)
  region size 1024K, 1 young (1024K), 1 survivors (1024K)
 Metaspace       used 59264K, capacity 60769K, committed 61064K, reserved 1101824K
  class space    used 7401K, capacity 7972K, committed 8064K, reserved 1048576K
}
Event: 3618.588 GC heap before
{Heap before GC invocations=213 (full 0):
 garbage-first heap   total 134144K, used 29307K [0x00000000a1e00000, 0x0000000100000000)
  region size 1024K, 6 young (6144K), 1 survivors (1024K)
 Metaspace       used 59266K, capacity 60769K, committed 61064K, reserved 1101824K
  class space    used 7401K, capacity 7972K, committed 8064K, reserved 1048576K
}
Event: 3618.790 GC heap after
{Heap after GC invocations=214 (full 0):
 garbage-first heap   total 134144K, used 25281K [0x00000000a1e00000, 0x0000000100000000)
  region size 1024K, 1 young (1024K), 1 survivors (1024K)
 Metaspace       used 59266K, capacity 60769K, committed 61064K, reserved 1101824K
  class space    used 7401K, capacity 7972K, committed 8064K, reserved 1048576K
}
Event: 3620.062 GC heap before
{Heap before GC invocations=214 (full 0):
 garbage-first heap   total 134144K, used 30401K [0x00000000a1e00000, 0x0000000100000000)
  region size 1024K, 7 young (7168K), 1 survivors (1024K)
 Metaspace       used 59266K, capacity 60769K, committed 61064K, reserved 1101824K
  class space    used 7401K, capacity 7972K, committed 8064K, reserved 1048576K
}

